<?xml version="1.0" encoding="UTF-8"?>
<testng-results skipped="0" failed="0" ignored="0" total="1" passed="1">
  <reporter-output>
  </reporter-output>
  <suite name="Default suite" duration-ms="35196" started-at="2020-01-10T19:57:08Z" finished-at="2020-01-10T19:57:44Z">
    <groups>
    </groups>
    <test name="Default test" duration-ms="35196" started-at="2020-01-10T19:57:08Z" finished-at="2020-01-10T19:57:44Z">
      <class name="com.selenium.tripadvisor.TripTest">
        <test-method status="PASS" signature="setup()[pri:0, instance:com.selenium.tripadvisor.TripTest@100fc185]" name="setup" is-config="true" duration-ms="15186" started-at="2020-01-11T01:27:08Z" finished-at="2020-01-11T01:27:24Z">
          <reporter-output>
          </reporter-output>
        </test-method> <!-- setup -->
        <test-method status="PASS" signature="test()[pri:0, instance:com.selenium.tripadvisor.TripTest@100fc185]" name="test" duration-ms="19993" started-at="2020-01-11T01:27:24Z" finished-at="2020-01-11T01:27:44Z">
          <reporter-output>
          </reporter-output>
        </test-method> <!-- test -->
      </class> <!-- com.selenium.tripadvisor.TripTest -->
    </test> <!-- Default test -->
  </suite> <!-- Default suite -->
</testng-results>
