<?xml version="1.0" encoding="UTF-8"?>
<testng-results skipped="0" failed="0" ignored="0" total="1" passed="1">
  <reporter-output>
  </reporter-output>
  <suite name="Default suite" duration-ms="23370" started-at="2020-01-10T19:39:33Z" finished-at="2020-01-10T19:39:57Z">
    <groups>
    </groups>
    <test name="Default test" duration-ms="23370" started-at="2020-01-10T19:39:33Z" finished-at="2020-01-10T19:39:57Z">
      <class name="com.selenium.mobileprize.MainTest">
        <test-method status="PASS" signature="setUp()[pri:0, instance:com.selenium.mobileprize.MainTest@100fc185]" name="setUp" is-config="true" duration-ms="5747" started-at="2020-01-11T01:09:33Z" finished-at="2020-01-11T01:09:39Z">
          <reporter-output>
          </reporter-output>
        </test-method> <!-- setUp -->
        <test-method status="PASS" signature="mobileRateFinder()[pri:0, instance:com.selenium.mobileprize.MainTest@100fc185]" name="mobileRateFinder" duration-ms="17607" started-at="2020-01-11T01:09:39Z" finished-at="2020-01-11T01:09:57Z">
          <reporter-output>
          </reporter-output>
        </test-method> <!-- mobileRateFinder -->
      </class> <!-- com.selenium.mobileprize.MainTest -->
    </test> <!-- Default test -->
  </suite> <!-- Default suite -->
</testng-results>
